Email: user-email, OTP: 337500
Email: user-email, OTP: 337500
Email: user-email, OTP: 337500
Email: user-email, OTP: 337500
Email: user-email, OTP: 655337
Email: user-email, OTP: 655337
Email: user-email, OTP: 655337
Email: user-email, OTP: 655337
Email: user-email, OTP: 655337
Email: user-email, OTP: 655337
Email: user-email, OTP: 655337
Email: user-email, OTP: 655337
Email: user-email, OTP: 655337
Email: user-email, OTP: 655337
Email: user-email, OTP: 655337
Email: user-email, OTP: 655337
Email: user-email, OTP: 655337
Email: user-email, OTP: 655337
Email: user-email, OTP: 655337
Email: user-email, OTP: 387229
Email: user-email, OTP: 387229
Email: user-email, OTP: 387229
Email: user-email, OTP: 387229
Email: user-email, OTP: 387229
Email: user-email, OTP: 210858
Email: user-email, OTP: 286351
Email: user-email, OTP: 286351
Email: user-email, OTP: 771415, Current Time: 2024-08-06 04:44:28
Email: user-email, OTP: 771415, Current Time: 2024-08-06 04:44:30
Email: user-email, OTP: 771415, Current Time: 2024-08-06 04:44:30
Email: user-email, OTP: 771415, Current Time: 2024-08-06 04:44:30
Email: user-email, OTP: 771415, Current Time: 2024-08-06 04:44:30
Email: user-email, OTP: 771415, Current Time: 2024-08-06 04:44:31
Email: user-email, OTP: 771415, Current Time: 2024-08-06 04:44:31
Email: user-email, OTP: 771415, Current Time: 2024-08-06 04:44:31
Email: user-email, OTP: 771415, Current Time: 2024-08-06 04:44:31
Email: user-email, OTP: 771415, Current Time: 2024-08-06 04:44:31
Email: user-email, OTP: 771415, Current Time: 2024-08-06 04:44:31
Email: user-email, OTP: 771415, Current Time: 2024-08-06 04:44:32
Email: user-email, OTP: 771415, Current Time: 2024-08-06 04:44:32
Email: user-email, OTP: 771415, Current Time: 2024-08-06 04:44:32
Email: user-email, OTP: 771415, Current Time: 2024-08-06 04:44:32
Email: user-email, OTP: 771415, Current Time: 2024-08-06 04:44:32
Email: user-email, OTP: 771415, Current Time: 2024-08-06 04:44:32
Email: user-email, OTP: 771415, Current Time: 2024-08-06 04:44:33
Email: user-email, OTP: 771415, Current Time: 2024-08-06 04:44:33
Email: user-email, OTP: 771415, Current Time: 2024-08-06 04:44:33
Email: user-email, OTP: 771415, Current Time: 2024-08-06 04:44:33
Email: user-email, OTP: 286382, Current Time: 2024-08-06 04:51:53
Email: user-email, OTP: 286382, Current Time: 2024-08-06 04:52:23
Email: user-email, OTP: 286382, Current Time: 2024-08-06 04:52:35
Email: user-email, OTP: 136712, Current Time: 2024-08-06 04:55:33
Received Email: user-email, Received OTP: 216933, Current Time: 2024-08-06 05:01:43
Received Email: user-email, Received OTP: 811944, Current Time: 2024-08-06 05:11:17
Received Email: user-email, Received OTP: 811944, Current Time: 2024-08-06 05:11:23
Received Email: user-email, Received OTP: 811944, Current Time: 2024-08-06 05:11:26
Received Email: user-email, Received OTP: 811944, Current Time: 2024-08-06 05:12:09
Received Email: user-email, Received OTP: 811944, Current Time: 2024-08-06 05:12:30
Received Email: user-email, Received OTP: 811944, Current Time: 2024-08-06 05:12:45
Received Email: user-email, Received OTP: 811944, Current Time: 2024-08-06 05:12:55
Received Email: user-email, Received OTP: 626439, Current Time: 2024-08-06 05:18:53
Received Email: user-email, Received OTP: 626439, Current Time: 2024-08-06 05:18:56
Received Email: user-email, Received OTP: 626439, Current Time: 2024-08-06 05:19:28
Received Email: user-email, Received OTP: 626439, Current Time: 2024-08-06 05:19:38
Received Email: user-email, Received OTP: 626439, Current Time: 2024-08-06 05:19:48
Received Email: user-email, Received OTP: 626439, Current Time: 2024-08-06 05:19:57
Received Email: user-email, Received OTP: 626439, Current Time: 2024-08-06 05:20:04
Received Email: user-email, Received OTP: 365789, Current Time: 2024-08-06 05:25:33
Received Email: user-email, Received OTP: 365789, Current Time: 2024-08-06 05:25:40
Received Email: user-email, Received OTP: 365789, Current Time: 2024-08-06 05:25:41
Received Email: user-email, Received OTP: 365789, Current Time: 2024-08-06 05:25:45
Received Email: user-email, Received OTP: 365789, Current Time: 2024-08-06 05:26:00
Received Email: user-email, Received OTP: 329081, Current Time: 2024-08-06 05:30:24
Received Email: user-email, Received OTP: 329081, Current Time: 2024-08-06 05:30:28
Received Email: user-email, Received OTP: 329081, Current Time: 2024-08-06 05:31:31
Received Email: user-email, Received OTP: 585892, Current Time: 2024-08-06 05:33:24
Prepare failed: Table 'databaseproject.usertable' doesn't exist
Response: {"success":false,"error":"Unknown error"}
Received Email: user-email, Received OTP: 459561, Current Time: 2024-08-06 05:36:41
Prepare failed: Table 'databaseproject.usertable' doesn't exist
Response: {"success":false,"error":"Unknown error"}
Received Email: user-email, Received OTP: 803642, Current Time: 2024-08-06 05:42:35
Response: {"success":false,"error":"Invalid or expired OTP"}
Received Email: user-email, Received OTP: 803642, Current Time: 2024-08-06 05:42:37
Response: {"success":false,"error":"Invalid or expired OTP"}
Received Email: user-email, Received OTP: 965469, Current Time: 2024-08-06 05:44:59
Prepare failed: Unknown column 'code' in 'where clause'
Response: {"success":false,"error":"Unknown error"}
Received Email: user-email, Received OTP: 368114, Current Time: 2024-08-06 05:49:47
Response: {"success":false,"error":"Invalid or expired OTP"}
Received Email: user-email, Received OTP: 735494, Current Time: 2024-08-06 05:54:37
SQL Query: SELECT * FROM loginsignup WHERE email = ? AND otp_code = ?
Response: {"success":false,"error":"Invalid or expired OTP"}
Received Email: emanmehmoodansari@gmail.com, Received OTP: 103876, Current Time: 2024-08-06 06:03:01
SQL Query: SELECT * FROM loginsignup WHERE email = ? AND otp_code = ?
Update SQL Query: UPDATE loginsignup SET otp_code = 0 WHERE email = ? AND otp_code = ?
Response: {"success":true}
Received Email: pc7645emanansari@gmail.com, Received OTP: 300545, Current Time: 2024-08-06 06:05:51
SQL Query: SELECT * FROM loginsignup WHERE email = ? AND otp_code = ?
Update SQL Query: UPDATE loginsignup SET otp_code = 0 WHERE email = ? AND otp_code = ?
Response: {"success":true}
Received Email: pc7645emanansari@gmail.com, Received OTP: 300540, Current Time: 2024-08-06 06:06:00
SQL Query: SELECT * FROM loginsignup WHERE email = ? AND otp_code = ?
Response: {"success":false,"error":"Invalid or expired OTP"}
Received Email: pc7645emanansari@gmail.com, Received OTP: 300545, Current Time: 2024-08-06 06:06:06
SQL Query: SELECT * FROM loginsignup WHERE email = ? AND otp_code = ?
Response: {"success":false,"error":"Invalid or expired OTP"}
Received Email: pc7645emanansari@gmail.com, Received OTP: 856972, Current Time: 2024-08-06 06:06:31
SQL Query: SELECT * FROM loginsignup WHERE email = ? AND otp_code = ?
Update SQL Query: UPDATE loginsignup SET otp_code = 0 WHERE email = ? AND otp_code = ?
Response: {"success":true}
Received Email: emanmehmoodansari@gmail.com, Received OTP: 496374, Current Time: 2024-08-06 06:09:42
SQL Query: SELECT * FROM loginsignup WHERE email = ? AND otp_code = ?
Update SQL Query: UPDATE loginsignup SET otp_code = 0 WHERE email = ? AND otp_code = ?
Response: {"success":true}
Received Email: emanmehmoodansari@gmail.com, Received OTP: 890904, Current Time: 2024-08-06 06:12:42
SQL Query: SELECT * FROM loginsignup WHERE email = ? AND otp_code = ?
Update SQL Query: UPDATE loginsignup SET otp_code = 0 WHERE email = ? AND otp_code = ?
Response: {"success":true}
Received Email: emanmehmoodansari@gmail.com, Received OTP: 444771, Current Time: 2024-08-06 06:13:53
SQL Query: SELECT * FROM loginsignup WHERE email = ? AND otp_code = ?
Response: {"success":false,"error":"Invalid or expired OTP"}
Received Email: emanmehmoodansari@gmail.com, Received OTP: 444471, Current Time: 2024-08-06 06:14:01
SQL Query: SELECT * FROM loginsignup WHERE email = ? AND otp_code = ?
Update SQL Query: UPDATE loginsignup SET otp_code = 0 WHERE email = ? AND otp_code = ?
Response: {"success":true}
Received Email: emanmehmoodansari@gmail.com, Received OTP: 865413, Current Time: 2024-08-06 06:18:55
SQL Query: SELECT * FROM loginsignup WHERE email = ? AND otp_code = ?
Update SQL Query: UPDATE loginsignup SET otp_code = 0 WHERE email = ? AND otp_code = ?
Response: {"success":true}
Received Email: emanmehmoodansari@gmail.com, Received OTP: 832219, Current Time: 2024-08-06 06:27:31
SQL Query: SELECT * FROM loginsignup WHERE email = ? AND otp_code = ?
Update SQL Query: UPDATE loginsignup SET otp_code = 0 WHERE email = ? AND otp_code = ?
Response: {"success":true}
Received Email: emanmehmoodansari@gmail.com, Received OTP: 357041, Current Time: 2024-08-06 06:34:59
SQL Query: SELECT * FROM loginsignup WHERE email = ? AND otp_code = ?
Update SQL Query: UPDATE loginsignup SET otp_code = 0 WHERE email = ? AND otp_code = ?
Response: {"success":true}
Received Email: emanmehmoodansari@gmail.com, Received OTP: 294222, Current Time: 2024-08-06 07:16:09
SQL Query: SELECT * FROM loginsignup WHERE email = ? AND otp_code = ?
Update SQL Query: UPDATE loginsignup SET otp_code = 0 WHERE email = ? AND otp_code = ?
Response: {"success":true}
Received Email: emanmehmoodansari@gmail.com, Received OTP: 742806, Current Time: 2024-08-06 07:19:53
SQL Query: SELECT * FROM loginsignup WHERE email = ? AND otp_code = ?
Update SQL Query: UPDATE loginsignup SET otp_code = 0 WHERE email = ? AND otp_code = ?
Response: {"success":true}
Received Email: emanmehmoodansari@gmail.com, Received OTP: 697209, Current Time: 2024-08-06 07:31:10
SQL Query: SELECT * FROM loginsignup WHERE email = ? AND otp_code = ?
Update SQL Query: UPDATE loginsignup SET otp_code = 0 WHERE email = ? AND otp_code = ?
Response: {"success":true}
Received Email: emanmehmoodansari@gmail.com, Received OTP: 298923, Current Time: 2024-08-06 07:35:41
SQL Query: SELECT * FROM loginsignup WHERE email = ? AND otp_code = ?
Update SQL Query: UPDATE loginsignup SET otp_code = 0 WHERE email = ? AND otp_code = ?
Response: {"success":true}
Received Email: emanmehmoodansari@gmail.com, Received OTP: 883839, Current Time: 2024-08-06 07:39:47
SQL Query: SELECT * FROM loginsignup WHERE email = ? AND otp_code = ?
Update SQL Query: UPDATE loginsignup SET otp_code = 0 WHERE email = ? AND otp_code = ?
Response: {"success":true}
Received Email: emanmehmoodansari@gmail.com, Received OTP: 626568, Current Time: 2024-08-06 07:45:51
SQL Query: SELECT * FROM loginsignup WHERE email = ? AND otp_code = ?
Update SQL Query: UPDATE loginsignup SET otp_code = 0 WHERE email = ? AND otp_code = ?
Response: {"success":true}
Received Email: emanmehmoodansari@gmail.com, Received OTP: 612990, Current Time: 2024-08-06 07:48:12
SQL Query: SELECT * FROM loginsignup WHERE email = ? AND otp_code = ?
Update SQL Query: UPDATE loginsignup SET otp_code = 0 WHERE email = ? AND otp_code = ?
Response: {"success":true}
Received Email: emanmehmoodansari@gmail.com, Received OTP: 885312, Current Time: 2024-08-06 07:50:55
SQL Query: SELECT * FROM loginsignup WHERE email = ? AND otp_code = ?
Update SQL Query: UPDATE loginsignup SET otp_code = 0 WHERE email = ? AND otp_code = ?
Response: {"success":true}
Received Email: emanmehmoodansari@gmail.com, Received OTP: 727590, Current Time: 2024-08-07 03:38:47
SQL Query: SELECT * FROM loginsignup WHERE email = ? AND otp_code = ?
Update SQL Query: UPDATE loginsignup SET otp_code = 0 WHERE email = ? AND otp_code = ?
Response: {"success":true}
Received Email: emanmehmoodansari@gmail.com, Received OTP: 815979, Current Time: 2024-08-07 03:45:07
SQL Query: SELECT * FROM loginsignup WHERE email = ? AND otp_code = ?
Update SQL Query: UPDATE loginsignup SET otp_code = 0 WHERE email = ? AND otp_code = ?
Response: {"success":true}
Received Email: emanmehmoodansari@gmail.com, Received OTP: 602506, Current Time: 2024-08-07 03:46:52
SQL Query: SELECT * FROM loginsignup WHERE email = ? AND otp_code = ?
Update SQL Query: UPDATE loginsignup SET otp_code = 0 WHERE email = ? AND otp_code = ?
Response: {"success":true}
Received Email: emanmehmoodansari@gmail.com, Received OTP: 821160, Current Time: 2024-08-07 03:51:31
SQL Query: SELECT * FROM loginsignup WHERE email = ? AND otp_code = ?
Update SQL Query: UPDATE loginsignup SET otp_code = 0 WHERE email = ? AND otp_code = ?
Response: {"success":true}
Received Email: emanmehmoodansari@gmail.com, Received OTP: 978913, Current Time: 2024-08-07 03:59:14
SQL Query: SELECT * FROM loginsignup WHERE email = ? AND otp_code = ?
Update SQL Query: UPDATE loginsignup SET otp_code = 0 WHERE email = ? AND otp_code = ?
Response: {"success":true}
Received Email: emanmehmoodansari@gmail.com, Received OTP: 935421, Current Time: 2024-08-07 04:01:44
SQL Query: SELECT * FROM loginsignup WHERE email = ? AND otp_code = ?
Update SQL Query: UPDATE loginsignup SET otp_code = 0 WHERE email = ? AND otp_code = ?
Response: {"success":true}
Received Email: emanmehmoodansari@gmail.com, Received OTP: 321575, Current Time: 2024-08-07 04:06:52
SQL Query: SELECT * FROM loginsignup WHERE email = ? AND otp_code = ?
Update SQL Query: UPDATE loginsignup SET otp_code = 0 WHERE email = ? AND otp_code = ?
Response: {"success":true}
Received Email: emanmehmoodansari@gmail.com, Received OTP: 877819, Current Time: 2024-08-07 04:15:03
SQL Query: SELECT * FROM loginsignup WHERE email = ? AND otp_code = ?
Update SQL Query: UPDATE loginsignup SET otp_code = 0 WHERE email = ? AND otp_code = ?
Response: {"success":true}
Received Email: emanmehmoodansari@gmail.com, Received OTP: 481215, Current Time: 2024-08-07 04:21:56
SQL Query: SELECT * FROM loginsignup WHERE email = ? AND otp_code = ?
Update SQL Query: UPDATE loginsignup SET otp_code = 0 WHERE email = ? AND otp_code = ?
Response: {"success":true}
Received Email: emanmehmoodansari@gmail.com, Received OTP: 156775, Current Time: 2024-08-07 04:26:28
SQL Query: SELECT * FROM loginsignup WHERE email = ? AND otp_code = ?
Update SQL Query: UPDATE loginsignup SET otp_code = 0 WHERE email = ? AND otp_code = ?
Response: {"success":true}
Received Email: emanmehmoodansari@gmail.com, Received OTP: 551312, Current Time: 2024-08-07 04:29:52
SQL Query: SELECT * FROM loginsignup WHERE email = ? AND otp_code = ?
Update SQL Query: UPDATE loginsignup SET otp_code = 0 WHERE email = ? AND otp_code = ?
Response: {"success":true}
Received Email: emanmehmoodansari@gmail.com, Received OTP: 157845, Current Time: 2024-08-07 04:33:23
SQL Query: SELECT * FROM loginsignup WHERE email = ? AND otp_code = ?
Update SQL Query: UPDATE loginsignup SET otp_code = 0 WHERE email = ? AND otp_code = ?
Response: {"success":true}
Received Email: emanmehmoodansari@gmail.com, Received OTP: 643206, Current Time: 2024-08-07 04:37:02
SQL Query: SELECT * FROM loginsignup WHERE email = ? AND otp_code = ?
Update SQL Query: UPDATE loginsignup SET otp_code = 0 WHERE email = ? AND otp_code = ?
Response: {"success":true}
Received Email: emanmehmoodansari@gmail.com, Received OTP: 767422, Current Time: 2024-08-07 04:45:55
SQL Query: SELECT * FROM loginsignup WHERE email = ? AND otp_code = ?
Update SQL Query: UPDATE loginsignup SET otp_code = 0 WHERE email = ? AND otp_code = ?
Response: {"success":true}
Received Email: emanmehmoodansari@gmail.com, Received OTP: 848514, Current Time: 2024-08-07 04:54:13
SQL Query: SELECT * FROM loginsignup WHERE email = ? AND otp_code = ?
Update SQL Query: UPDATE loginsignup SET otp_code = 0 WHERE email = ? AND otp_code = ?
Response: {"success":true}
Received Email: emanmehmoodansari@gmail.com, Received OTP: 614088, Current Time: 2024-08-07 05:01:05
SQL Query: SELECT * FROM loginsignup WHERE email = ? AND otp_code = ?
Update SQL Query: UPDATE loginsignup SET otp_code = 0 WHERE email = ? AND otp_code = ?
Response: {"success":true}
Received Email: emanmehmoodansari@gmail.com, Received OTP: 467884, Current Time: 2024-08-07 05:07:45
SQL Query: SELECT * FROM loginsignup WHERE email = ? AND otp_code = ?
Update SQL Query: UPDATE loginsignup SET otp_code = 0 WHERE email = ? AND otp_code = ?
Response: {"success":true}
